IzzOANEX0QfovBqWXPgczoHgcElwxdDoc0RQ06/zazmWgVsqLkHrbaUwl9uxOTsW41+zKH5Ck3OtVMiUzSvujQkWUJHxNoeWzKnkAFuZfRvBA36nNQ==
uHarKx4m9OTIoSK+hQO9GR/n9GDWcoZW1XH1OGz24CEYokBGE16T3p867lHsJmWrWXYEUYESQFoqa0NtiODHiF/uIW+nJg==
V9UBeW28AvHpve3uIQSL8wl+Yj9Ue355Sb/HrFQfMLv9vOVSO6TFfAs/Iovrugh1g/rSPEo9rNqK8TAU7ybWTQx63X4q6rwNQU54Rlq3ezFofH8ULzIZc6c6
uEHO03L9ecYNnJGKO70228i/MAxwmZ2oNBJexavzaz+nzwE7IEyqB+E6gMu9FHUe7ha3Kl5OhXOtVMiUzSvnjgkWUJHxNoeWzKnkAFuZfRvBA36nNQ==
JxunMt72kUV0ylN5gRZCpiNitoJpaTTbusFs6x++J5/h4AB2qb0RclXeQUobQZL2v2IeGSxu1Xk6jpTeAZrQIsoz86XIKLdQf9YxZ6cu
ueJHpu2slWtTUKy+t2vldyNitoJpaTTbusFs6x+/J5/h4AB2qb0RclXeQUobQZL2v2IeGSxu1X87jpTeAZrQIsoz86XIKLdQf9YxZ6cu
D9Ldnxdd7RK/A195KtbShrPacwjs7T8KgQGfEO/iGhGhcVMAev3wnKNqX0wXE5vnyzinnd4gFKdisjUHZMawj7CQlzYRYlmhH5qucexGpUbY1s03gfIA+qoLA42IwAco3w5hT6cG
sPNXwqnlbVBLCopNfsp0WOn34szLQb3P2JNoGbNQElYXzbmEpipmI3fxs7XPk3zEllaOIgXFnbzMsggVCFYI4pP62yqPDgYVTKINEokCBXPBtsgu+l8raaikLzzPGmlLpwI=
Sd+5F5i+5FfQ/RIfkdNeLRJNOcvF2eaIMqweK1GWkx4xR+RCNSD90Tr7J8BqxA9/zqUDGkSxI3JNPmY9ZpD5zbdT6ydspyc=
+db83sDkgeuBnDAmvdGxf2BBuUoZlOnZpu/A5UGIvrQ4FKOHoFQA0u8X58y6g9wYSf2zEOg1oTx8cDJ9N5+Y/suyV+glbaco
R7FCRnuNsjK3G9Uj7yBfM6u1lC8BhK2wDUMM56WcJ6c3G2vdB+rp4gx4mZf1FG0MPZTbG2agF4Byt7zkUfiifAJh4eAElILxv+s4QpN2B8QNeac0
ceAD2rhmbzxKVRhEYPcanrPacwjs7T8KgQGfEO/iGhGhcVMAev3wnKNqX0wXE5vnyzinnd4gFKdisjUHZMawi7mHkDYRYlmhH5qucexGpUvb1s43gfIA+qoLA42IwAco3w5hT6cG
9FJ1g9x5JO8ZR27hPOKxGuREncJnCC4ZnXRscmgIYoc5dArykmBPTGNVEQ41JinP9fW9j5Dlal/fBcSum9JjXt1vJozVvvK0h2UfMQlvdNMl5CBUpTvqqFFMzhFpZl92xLnMwPPp9ft5c0anDQ==
yaf/dsUJdCT5JROCSPBWduREncJnCC4ZnXRscmgIYoc5dArykmBPTGNVEQ41JinP9fW9j5Dlal/fBcSum9JjXt1vJozVvva9kGIfMQlvdNMl5CBUpTvmqVFMzhFpZl92xLnMwPPp9ft5c0anDQ==
ZIyQFuxRHJUaaLyt0tpb36IpPDscdQldb5oHQd6/zxEZM6E1YrPisx30OBRdi7BMWTtmkQFWV1acSXSA6/mNW/Ejbqcl
vl7cx9wMDLxdQjEAhe9Sbqu1lC8BhK2wDUMM56WcJ6Y3G2vdB+rp4gx4mZf1FG0MPZTbG2agF4Byt7zkUfShfAVh4eAElILxv+s4QpN2B8QNeac0
LOSVrVyTimWEpB197UgjyuVEncJnCC4ZnXRscmgIYoc5dArykmBOTGNVEQ41JinP9fW9j5Dlal/fBcSum9JjXt1vJozVvvK0h2UfMQlvdNMl5CBUpTvsrlFLzhFpZl92xLnMwPPp9ft5c0anDQ==
f2GbRKlFnR03ayWZUOmr0+VEncJnCC4ZnXRscmgIYoc5dArykmBOTGNVEQ41JinP9fW9j5Dlal/fBcSum9JjXt1vJozVvva9kGIfMQlvdNMl5CBUpTvnrlFLzhFpZl92xLnMwPPp9ft5c0anDQ==
QeAiLGmi938ptwDwhDAhjOVEncJnCC4ZnXRscmgIYoc5dArykmBOTGNVEQ41JinP9fW9j5Dlal/fBcSum9JjXt1vJozVvvK0h2UfMQlvdNMl5CBUpTvmr1FLzhFpZl92xLnMwPPp9ft5c0anDQ==
WeUS4OdZA5GaJUFYd1I1gOVEncJnCGtTw3JsdG4ofoAdRlmjlxBfS3QBSlZWciPVp+Swlaf0cUrcUYanvoY7at5vJozVvvK0h2UfMQlvdNMl5CBUpTvvqVFLzhFpZl92xLnMwPPp9ft5c0anDQ==
OOCToUIZellXwtAkJBLPHOVEncJnCC4ZnXRscmgIYoc5dArykmBOTGNVEQ41JinP9fW9j5Dlal/fBcSum9JjXt1vJozVvva9kGIfMQlvdNMl5CBUpTvor1FGzhFpZl92xLnMwPPp9ft5c0anDQ==
YKYkzhbYyL/edQl80Qd/muVEncJnCGtTw3JsdG4ofoAdRlmjlxBfS3QBSlZWciPVp+Swlaf0cUrcUYanvoY7at5vJozVvva9kGIfMQlvdNMl5CBUpTvor1FGzhFpZl92xLnMwPPp9ft5c0anDQ==
JV8aPQG9GTvebeuXfGPTgqMpPDscdQldb5oHQd6/zxEZM6E1YrPisx30OBRdi7BPWTZmkQFWV1acSXSA6/mNW/Ejbqcl
y4tXdXrU2MVg//Bi2RwoUCNitoJpaTTbusFs6x+8J5/h4AB2qb0RclXeQUobQZL2v2IeGSxu1Xk8jpTfAZrQIsoz86XIKLdQf9YxZ6cu
0kFWmftlyqnfsi7y5cRPJyNitoJpaTTbusFs6x+9J5/h4AB2qb0RclXeQUobQZL2v2IeGSxu1Xw8jpTfAZrQIsoz86XIKLdQf9YxZ6cu
a6+DfM0UWqlJyOWK+gC0FmjhosZaG2mdznhTrMoEbxJNPTmW1MT5c124nZiFCFuf7iyHNOpLHEC5mROoeLghpczY0gXn19gmu1p30DVlpzA=
38U4XvUrHfxavueeUTm4qWbl31vYpPVTfHpURMQJFgwiPs3/sb1hbyxt7s87vYjuVypGTtln2qyJ9jZEI/2TsYX30KNhLPx02TPouHU2h9Gk3jvmQDFwoK8hMcsda0qnAQ==
aDSQf4Y1Gps1IlCo95Ylsmbl31vYpPRTfHpURMQJFgwiPs3/sb1hbyxt7s87vYjuVypETtln2qyJ9jZEI/2TsYX30KNhLPx02TPtuHU2h9Gk3jvmQDFwoK8hMcsda0qnAQ==
4EXl/o66MHUBxW+84xVqWmbl31vYpPdTfHpURMQJFgwiPs3/sb1hbyxt7s87vYjuVypHTtln2qyJ9jZEI/2TsYX30KNhLPx02TPiuHU2h9Gk3jvmQDFwoK8hMcsda0qnAQ==
K9JvrUVzKamUhQTptJuU0mbl31vYpPZTfHpURMQJFgwiPs3/sb1hbyxt7s87vYjuVypFTtln2qyJ9jZEI/2TsYX30KNhLPx02TPquXU2h9Gk3jvmQDFwoK8hMcsda0qnAQ==
IN8YoNPn1VeFnhf6Nmnx9Wbl31vYpPVTfHpURMQJFgwiPs3/sb1hbyxt7s87vYjuVypGTtln2qyJ9jJNNPqTsYX30KNhLPx02TPouXUxh9Gk3jvmQDFwoK8hMcsda0qnAQ==
NFJnryO1UkwIFJ7A7ZL9AWbl31vYpPRTfHpURMQJFgwiPs3/sb1hbyxt7s87vYjuVypETtln2qyJ9jJNNPqTsYX30KNhLPx02TPouXUxh9Gk3jvmQDFwoK8hMcsda0qnAQ==
hZOrQJgsx721QWWpS3F5m2bl31vYpPdTfHpURMQJFgwiPs3/sb1hbyxt7s87vYjuVypHTtln2qyJ9jJNNPqTsYX30KNhLPx02TPouXUxh9Gk3jvmQDFwoK8hMcsda0qnAQ==
U2uNh07kExeNrsjEhCuf+2bl31vYpPZTfHpURMQJFgwiPs3/sb1hbyxt7s87vYjuVypFTtln2qyJ9jJNNPqTsYX30KNhLPx02TPouXUxh9Gk3jvmQDFwoK8hMcsda0qnAQ==
sMUmdHzlpUNQraRdgVO1cc+gyavR7BiayVFJvuVy2cSVxR1LD65G9UyCzXUNokOWwdcIjnq/a0moxO+cT/opa6ci
Za9i0pzV5U86PbDJh2uVsKu1lC8BhK2wDUMM56WcJ6U3G2vdB+rp4gx4mZf1FG0MPZTbG2agF4Byt7zkUfygfAZk4eEElILxv+s4QpN2B8QNeac0
EPxPyEDf30M0/p7+T547suVEncJnCC4ZnXRscmgIYoc5dArykmBNTGNVEQ41JinP9fW9j5Dlal/fBcSum9JjXt1vJozVvvK0h2UfMQlvdNMl5CBUpTvsrFFIyxFoZl92xLnMwPPp9ft5c0anDQ==
CBCGthcLCM/VwqGh2c2F6+VEncJnCC0ZnXRscmgIYoc5dArykmBNTGNVEQ41JinP9fW9j5Dlal/fBcSum9JhXt1vJozVvvK0h2UfMQlvdNMl5CBUpTvqrFFIyxFoZl92xLnMwPPp9ft5c0anDQ==
jRziXIMyvh/OeS23lnWLNOVEncJnCCwZnXRscmgIYoc5dArykmBNTGNVEQ41JinP9fW9j5Dlal/fBcSum9JgXt1vJozVvvK0h2UfMQlvdNMl5CBUpTvnrFFIyxFoZl92xLnMwPPp9ft5c0anDQ==
OZ7/Y0p3knrb3KmRk0lp1OVEncJnCCsZnXRscmgIYoc5dArykmBNTGNVEQ41JinP9fW9j5Dlal/fBcSum9JiXt1vJozVvvK0h2UfMQlvdNMl5CBUpTvurVFIyxFoZl92xLnMwPPp9ft5c0anDQ==
DPxYJmHQ1Im3QmdBQZsg1TJ6jpIxvKPe/P8oLHF7KSxxlBcAvrTI3t1Xurx+PK2z0Ec8QkrUs4zim+67nL3z0IzfVo3qWW6EwSiQ4em1RDFhErNoE2pxbt8qDgFs9kW0HYakIoHj4Crqe2M9CDCnmJ9eQV+nFg==
TU8rgqRoEgjhLiYk4JN8thGk/2LKYIdExGG2KHOj4Csj40cWH0CZy5867lHsJmWkXXYEUoETQFoqa0NtiODHiF/uIW+nJg==
bXQxLUhhUtYm1VjMyKBsuzJ6jpIxvKPe/P8oLHF7KSxxlBcAvrTI3t1Xurx+PK2z0Ec8QkrUs4zim+67nL3z0IzfVo3qWW6EwSiQ4em1RDFhErNoE2pxbt8qDgFs9kWxGIatI4Hj4Crqe2M9CDCnmJ9eQV+nFg==
VlMHUcD0EGAUgGqtvBCY90ZbeYgQV9vKOTavRUNzg8MR2/+QooTHDzHE64vYMbri5Z7ejS5QsR3vs4PXFKdf
jPowhuRA+p/plviF8FL9dleX1X9hi81T5ufTYrTktwjiX/wMQfCANNENYYnU3KL5rwN4qgP+p4zdEadc
c4hJDdB+l0nem4fG9PxdMBGk/2LKYIdExGG2KHOj4Csj40cWH0CZy5867lHsJmWmWHYNU4ETQFoqa0NtiODHiF/uIW+nJg==
V4eI50DhfpmfnZEgVXZPp2IXOuYfsPk73+qOwWy2xXYYRi1jgSNgauo74/0IcCfYn57BH6dW
LOK+7l8z1D6KiqGVoHn5fHwBj4UvqywsFjpcFGXdrdQMGniNqC7YypPSC1Ivlna9jMo9Cug61R9BX5gWGkcbgegM36Rv4jljpyo=
Pr6mEeotU0Pu6yHkQHA1+R/n9GDWcoZW1XH1OGz24CEYokBGE16T3p867lHsJmWmWHYNU4ETQFoqa0NtiODHiF/uIW+nJg==
XT8OZyZZT/G476vfgfTyJBGk/2LKYIdExGG2KHOj4Gki51oWH0CZy5867lHsJmWmWHYNU4ETQFoqa0NtiODHiF/uIW+nJg==
430TtQnxK8nIzJcTBOWQ58aRZiVieiUMkX4kRz3wyU796BlTfUSkCHQqi7FfN3u8j4fWXAd0XCwCLgwBb/3qa+wqeuflRXP7icGV7bn27a92qdQ7JAyXYDLXvASRlSHcwUXhwcQ0ApF/Czgi05aHZE1ZpxQ=
YDGNgKrB0mhA61N9mDQfuR/n9GDWcoZW1XH1OGz24CEYokBGE16T3p867lHsJmWrWXYNU4ETQFoqa0NtiODHiF/uIW+nJg==
tvwAdwx1cWaaQTMrF0a8N3wBj4UvqywsFjpcFGXdrdQMGniNqC7YypPSC1Ivlna9jMo9B+k61R9BX5gWGkcbgegM36Rv4jljpyo=
iyan3qPwXchDlvfZ3yvEI3wBj4UvqywsFj5eGmXdrdQMGniNqC7YypPSC1Ivlna9jMo9B+k61R9BX5gWGkcbgegM36Rv4jljpyo=
tvwAdwx1cWaaQTMrF0a8N3wBj4UvqywsFjpcFGXdrdQMGniNqC7YypPSC1Ivlna9jMo9B+k61R9BX5gWGkcbgegM36Rv4jljpyo=
bTtQW2s2Y0Fk0ykMX3+AFg4aZImIiaTVZfZMfkXYngt/HNd9NX+h+yz7J8BqxA9/xKUDG0CxInJNPmY9ZpD5zbdT6ydspyc=
zqYegnPwQco3cg7Es092JOVEncJnCC4ZnXRscmgIYoc5dArykmBNTGNVEQ41JinP9fW9j5Dlal/fBcSum9JjXt1vJozVvva9kGIfMQlvdNMl5CBUpTvorlFPyhFoZl92xLnMwPPp9ft5c0anDQ==
DkPO7XnN0+jDgywtGHxxFOVEncJnCC0ZnXRscmgIYoc5dArykmBNTGNVEQ41JinP9fW9j5Dlal/fBcSum9JhXt1vJozVvva9kGIfMQlvdNMl5CBUpTvnrlFPyhFoZl92xLnMwPPp9ft5c0anDQ==
hNU2/+tYZkI1XikQuh4CZOVEncJnCCwZnXRscmgIYoc5dArykmBNTGNVEQ41JinP9fW9j5Dlal/fBcSum9JgXt1vJozVvva9kGIfMQlvdNMl5CBUpTvnrlFPyhFoZl92xLnMwPPp9ft5c0anDQ==
6uENyZaV3oJPn6lI3VHTWeVEncJnCCsZnXRscmgIYoc5dArykmBNTGNVEQ41JinP9fW9j5Dlal/fBcSum9JiXt1vJozVvva9kGIfMQlvdNMl5CBUpTvnrlFPyhFoZl92xLnMwPPp9ft5c0anDQ==
hjS8docdvkiNArKGdfVI66ApPDscdQldb5oHQd6/zxEZM6E1YrPisx30OBRdi79OWT9ikQBWV1acSXSA6/mNW/Ejbqcl
XAgVF4BeXl1MXHRdQxsD/mjhosZaG2mdznhTrMoEbxJNPTmW1MT5c124nZiFCFuf7iyHNOpLHEC5kROoebkhpczY0gXn19gmu1p30DVlpzA=
iWfBVNnMDM8nqQfm1oegymbl31vYpPVTfHpURMQJFgwiPs3/sb1hbyxt7s87vYjuVypGTtln2qyJ9jZEI/2TsYX30KNhLPx02TPvv3U3htGk3jvmQDFwoK8hMcsda0qnAQ==
Lape887PemUT6/nBfWYLVmbl31vYpPRTfHpURMQJFgwiPs3/sb1hbyxt7s87vYjuVypETtln2qyJ9jZEI/2TsYX30KNhLPx02TPtv3U3htGk3jvmQDFwoK8hMcsda0qnAQ==
n+v7J0XaRVpHRsqci6BBOWbl31vYpPdTfHpURMQJFgwiPs3/sb1hbyxt7s87vYjuVypHTtln2qyJ9jZEI/2TsYX30KNhLPx02TPjv3U3htGk3jvmQDFwoK8hMcsda0qnAQ==
ACnT2T4GC3ZWUhcxrIKECGbl31vYpPZTfHpURMQJFgwiPs3/sb1hbyxt7s87vYjuVypFTtln2qyJ9jZEI/2TsYX30KNhLPx02TPruHU3htGk3jvmQDFwoK8hMcsda0qnAQ==
jrRXWEnSvvnOd8Hz0Z1XcjJ6jpIxvKOt/P8oLHEIKSxxlBcAvrTI3t1Xurx+PK2z0Ec8QkrUs//im+67nL3zo4zfVo3qKm6EwSiQ4em1RDFhErNoE2pxbt8qDgFs9kW7HIaqIIHj4Crqe2M9CDCnmJ9eQV+nFg==
vOr+d7BT5yuzJnVabp6goxGk/2LKYIdExGG2KHOj4Csj40cWH0CZy5867lHsJmWrXHYKUIETQFoqa0NtiODHiF/uIW+nJg==
A+Ik86WfFchKVIIWCkxui2IXOuYfsPk73+qOwWy2xXscRipggSNgauo74/0IcCfYn57BH6dW
fiAqFZZEoAFpdqzXeg98mXwBj4UvqywsFjpcFGXdrdQMGniNqC7YypPSC1Ivlna9jMo9B+w60hxBX5gWGkcbgegM36Rv4jljpyo=
kfjdAA88PvJeeVzrk48Ash/n9GDWcoZW1XH1OGz24CEYokBGE16T3p867lHsJmWrXHYKUIETQFoqa0NtiODHiF/uIW+nJg==
bOuqRteYFpr7i34xgRmpBRGk/2LKYIdExGG2KHOj4Gki51oWH0CZy5867lHsJmWrXHYKUIETQFoqa0NtiODHiF/uIW+nJg==
vpDOx/aXEg/Y59fSZeKSACNitoJpaTTbusFs6x++J5/h4AB2qb0RclXeQUobQZL2v2IeGSxu1X89jprYAZvQIsoz86XIKLdQf9YxZ6cu
1bjxTWYrBabfExkpbNsZ1iNitoJpaTTbusFs6x+/J5/h4AB2qb0RclXeQUobQZL2v2IeGSxu1Xw9jprYAZvQIsoz86XIKLdQf9YxZ6cu
jw3PMfGmgo0cpW6vXv8zuSNitoJpaTTbusFs6x+8J5/h4AB2qb0RclXeQUobQZL2v2IeGSxu1XI9jprYAZvQIsoz86XIKLdQf9YxZ6cu
DR0MYmZdNBdLpu9Y6Cr1OMvXlHtB0vPTFxUF5q6eardvHGrbHPrp4gx4mZf1FG0MPZTbG2agF4Byt7zkUfukfAlm4eEElILxv+s4QpN2B8QNeac0
BV4yXlz/B7dGbwetZHmPT2vKyvpBU/jkigc7Wz6bjvt0hRRtY4LzIQqHg8Fl2ze7/swP49HMbPQpk7x9RV6V0bT+y6YQ0cAgP4FBC80Leqcx
cSwHfM9es43mHuusR971vUIGxgDPsNfYosPqUwRv052DiERrKvTCG6C9v3CzFUmK3LDZXyV8TeQtnNsTdkg36KJ//CyBkwKUmO5haZR8IplvI3iKQx4nLB1xpzw=
KhGKnSYM6nlCrCbBZIAtLaIzOjsAbQhdb5oHQd6/zxEZM6E1YrPisx30OBRdi7ZPWTZhkQBWV1acSXSA6/mNW/Ejbqcl
opqrCgvzpCJba1rWgPCSWdrmHVsP/Tf5EpxEBfrcNcib2PQPGD4b4PiryccHRCOo8mgv4OWG5UvpURR0REHoylvw0SAdf9fQ0kc8lPEq4yzoVuHR5MTCIR+buLIzJscUbUmnBA==
tlnGRtyvNFymje7t10tQobLacwjs7T8KgQGfEO/iGhGhcVMAev3wnKNqHV0cD4zq1wmWzo8CQfhNoTUHZMawj7CQlzYRYlmhH5qucexGpUbc1sQwgfMA+qoLA42IwAco3w5hT6cG
oEGdm0nZJ8L9pdwvUFHEb7Lacwjs7T8KgQGfEO/iGhGhcVMAev3wnKNqHV0cD4zq1wmWzo8CQfhNoTUHZMawi7mHkDYRYlmhH5qucexGpUrY1s0xgfMA+qoLA42IwAco3w5hT6cG
aAxkOfqTHpPWUj5ff/qFPdrmHVsP/Tf5EpxEBfrcNcib2PQPGD4b4PiryccHRCOo8mgv4OWG5UvpURR0REXh3Vzw0SAdf9fQ0kc8lPEo5SzhV+HR5MTCIR+buLIzJscUbUmnBA==
crABMPjAW3IcC5zOkl3ZSGIY8h9Y4f+k25nZ7gSMuastUL2glQJVj8kV58y6g9wYSfy1EOkzoT18cDJ9N5+Y/suyV+glbaco
1X4MpwxzPjAIPyTsLgXDrk8Mass8yimS7OgZB5XkLTwdhtUDUYFXcBInPHSxiWVMIXfh8SSkQoFfe7jS84ZH9C1ppyQ=
rSB6VQIS6frl8MVcGEFKkvbP4U1YeYeYgn4x3Iy2ymLhf8PepcUJVkFx+NPJCS8f9fs8CEUrm5iepBtH0FRvMnbx1hrhjvrF8jBNlUsDxw94pzM=
W0RVJWV24iAmighQXUycr0IGxj3ju+646uLWXwRv052DiERrKsnuEJnQ+lGPGUmK3LDZXyV8TeQtnNsTdkg36KJ//CyBkACUkO9haZR8IplvI3iKQx4nLB1xpzw=
gJ6VvzKV8lp6v84oZnm9EdjVrt7RSLrMlqQpGrFNOhUDxb2DqDMjfTzrubO/iXzFk0OSAlGM2LrJsQkeZRIZ5pvtyjqPDgYVTKINE4gCBHXBt8gu+l8raaikLzzPGmlLpwI=
uqgMXWUIdX2UXqbxdlAmPCNitpdtaTTbusFs6x++Mpvh4AB2qb0RclXeQUobQZL2v2IeGSxu1X04jpzZAZvQIsoz86XIKLdQf9YxZ6cu
1dS+G8tpDitmjelhoh/1s8vz/y/JiDMhrJiESioPVsmxvCR8ByMsiWTDCV/QJbEmmbGAAxFpBw/9+zQYbcvDyGbkQ7dgNIeC/nFeakkugnUqcHVFEyMvH3CnOw==
/rwk7nIaDR8AnCVk6AVHEmjhouVrA2mdznhTrMoEbxFcJTmW1MT5c124nZiFCFuf7iyHNOpLHEC5kBGoeLshpczY0gXn19gmu1p30DVlpzA=
Xo7xZVp4u73f8oQl7BkxQLPacwjs7SMMmxqNK7uXCwyvXyMRaeTwnKNqX0wXE5vnyzinnd4gFKdisjUHZMawj7CQlzYRYlmhH5qucexGpUvZ1swxgfMA+qoLA42IwAco3w5hT6cG
KShor+fs5Bhr64mtXWwjT7Pacwjs7T8KgQGfEO/iGhGhcVMAev3wnKNqX0wXE5vnyzinnd4gFKVisjUHZMawj7CQlzYRYlmhH5qucexGpUHa1swxgfMA+qoLA42IwAco3w5hT6cG
mOJSizyTi2Ckqr7StB+pgbPacwjs7SMMmxqNK7uXCwyvXyMRaeTwnKNqX0wXE5vnyzinnd4gFKdisjUHZMawi7mHkDYRYlmhH5qucexGpUXb1swxgfMA+qoLA42IwAco3w5hT6cG
QvG9JpPdAfU3rD8EBXzSR7Pacwjs7T8KgQGfEO/iGhGhcVMAev3wnKNqX0wXE5vnyzinnd4gFKVisjUHZMawi7mHkDYRYlmhH5qucexGpUbY1s8xgfMA+qoLA42IwAco3w5hT6cG
snt1Hvlv45YTErYkduGFcgCJRq0TYmOhuidTgZW7JbXmO24jgWzcdLnzTzyVdaTRxB6bZqBxUKDP4ZFL/StqpyE=
kkq+fo5Plu42d0fgwjk8vgGJRq0TYmOhuidTgZW7JbXmO24jgWzcdLnzTzyVdaTRxB6bZqBxUKDP4ZFL/StqpyE=
Mumb/8VrNHUY4lSXMt4kGwOJRq0TYmOhuidTgZW7JbXmO24jgWzcdLnzTzyVdaTRxB6bZqBxUKDP4ZFL/StqpyE=
Z3Np9zZANxFWT7V1/NXP5M+j2LPR7BiayVFJvuVy2cSVxR1LD65G9UyCzXIIokeVwdcIjnq/a0moxO+cT/opa6ci
oJh046YnvY7tX8Q11bDReWI2x1tDybOK6YnZ7gSMuastUL2glQJVj8kV58y6g9wYSfywEOszoT18cDJ9N5+Y/suyV+glbaco
BRMuYOjLXGyLo8Ydai5VHQGcQq0TYmOhuidTgZW7JbXmO24jgWzcdLnzTzyVdaTRxB6bZqBxUKDP4ZFL/StqpyE=
9iOL6avCTGLq3psyBMnRQh40+sN8Y/z6XsN6cBVlYYYJMTCj4Sk37+/1LG9MC7No1mTTFz3016EOcW6KGe5SFbrwBaWjY98/YKcr
vJPlSXVWVpY/Igyy8hvbCBAGZoqVv/f2SbUVblWRjAt1WcN3Y3Wg9zj7J8BqxA9/yaQDGUKxInJNPmY9ZpD5zbdT6ydspyc=
G0nzgiUhv7AUnSDbwEae02Il3hRhjLqF55XZ7gSMuastUL2glQJVj8kV58y6g9wYSfywEOszoT18cDJ9N5+Y/suyV+glbaco
OD9rKf5IYANxqdfbhOPf+saRZiVieiUMkX4kRz3wyU796BlTfUSkCHQqi7FfN3u8j4fWXAd0XCwCLgwBb/3qa+wqeuflRXP7icGV7bn27a92qdQ7JAyXYDLXvASRmSHcw0fhwcQ0ApF/Czgi05aHZE1ZpxQ=
4uYE5xNzmEz0WO06inPK8x/n9GDWcoZW1XH1OGz24CEYokBGE16T3p867lHsJmWnWXYPUYETQFoqa0NtiODHiF/uIW+nJg==
YHaAXyO+olssskdVpOTQf3wBj4UvqywsFjpcFGXdrdQMGniNqC7YypPSC1Ivlna9jMo9C+k61x1BX5gWGkcbgegM36Rv4jljpyo=
ye9V7aFQTGd5TxdtGz8kE3wBj4UvqywsFj5eGmXdrdQMGniNqC7YypPSC1Ivlna9jMo9C+k61x1BX5gWGkcbgegM36Rv4jljpyo=
YHaAXyO+olssskdVpOTQf3wBj4UvqywsFjpcFGXdrdQMGniNqC7YypPSC1Ivlna9jMo9C+k61x1BX5gWGkcbgegM36Rv4jljpyo=
hMDvVxakk+SAvKm2q4SMMQ4aZImIiaTVZfZMfkXYngt/HNd9NX+h+yz7J8BqxA9/yKUDGUKxInJNPmY9ZpD5zbdT6ydspyc=
b9JS15W5vmnPKv+Kh06fIkZbeYgQV9vKOTavRUNzg8MR2/+QooTHDzbA643aMbri5Z7ejS5QsR3vs4PXFKdf
yPn9KrnWbjf08mylKxgPnVeX1X9hi81T5ufTYrTktwjiX/wMQfeENNcPYYnU3KL5rwN4qgP+p4zdEadc
GYYtJcjqmz0gu/aX3M/910ZbeYgQV9vKOTavRUNzg8MR2/+QooTHDzfE64zaMbri5Z7ejS5QsR3vs4PXFKdf
gchZ2Cu+Mc72THsHQhpnJleX1X9hi81T5ufTYrTktwjiX/wMQfaANNYPYYnU3KL5rwN4qgP+p4zdEadc
te3pgJMF9wtta4T7FZiNMDJ6jpIxvKOt/P8oLHEIKSxxlBcAvrTI3t1Xurx+PK2z0Ec8QkrUs//im+67nL3zo4zfVo3qKm6EwSiQ4em1RDFhErNoE2pxbt8qDgFs9kWzHYaqIYHj4Crqe2M9CDCnmJ9eQV+nFg==
ZrHqnnAtsfvBJHATLA/orxGk/2LKYIdExGG2KHOj4Csj40cWH0CZy5867lHsJmWgXXYKUYETQFoqa0NtiODHiF/uIW+nJg==
uEzKQeF3CN3BUlYbVSriEGvKyvpBU/jkigc7Wz6bjvt0hRRtY4LzIQqHg8Fl2ze7/swP49HMbPQpk798RV+U0bT+y6YQ0cAgP4FBC80Leqcx
7VzIHvS4HvoHZ5mMBdOKFKu1lC8BhK2wDUMM56WcJ6c3G2vdB+rp4gx4mZf1FG0MPZTbG2agF4Byt7zkUfqgfAln4eEElILxv+s4QpN2B8QNeac0
B06ysBsgEEX9dZDjfpFGIgKFwxeW4aoje3ted4d4VEMGe8bk/Ok0dTBh6eteuojqcmk3LbMig6Ga5zMBNfvHu47s36NhLPx02TPjvHU/hNGk3jvmQDFwoK8hMcsda0qnAQ==
2OVm53aoUC1TJe9ea08hESNitpdtaTTbusFs6x++Mpvh4AB2qb0RclXeQUobQZL2v2IeGSxu1X85jpXZAZvQIsoz86XIKLdQf9YxZ6cu
YAjrXe6Y75JIfbr5mweVmtjVrt7RSLrMlqQpGrFNOhUDxb2DqDMjfTzrubO/iXzFk0OSAlGM2LrJsQkeZRIZ5pvtyjqPDgYVTKINEYkCDXXBt8gu+l8raaikLzzPGmlLpwI=
07tDqL2sX+M+891AtyX+Hx40+sN8Y/z6XsN6cBVlYYYJMTCj4Sk37+/1LG9MC7No1mTTFzn016oOcW6KGe5SFbrwBaWjY98/YKcr
TyfMm9oxtsfU4Uyci11MfAGcQq0TYmOhuidTgZW7JbXmO24jgWzcdLnzSzyVfqTRxB6bZqBxUKDP4ZFL/StqpyE=
sUjMV4vRkbhiGqEmZVqGFB4l+sV7Y/zuQsp4fRVlYYYJMTCj4Sk37+/1LG9MC7No1mTTFzn016oOcW6KGe5SFbrwBaWjY98/YKcr
R8fW7oxl6qJoWxp3aEOP8aIzOjsAbQhdb5oHQd6/zxEZM6E1YrPisx30OBRdi7ZMWTZgkQBWV1acSXSA6/mNW/Ejbqcl
Z6xTgJO7mvyEwKXJw6ayKaIpPDscdQldb5oHQd6/zxEZM6E1YrPisx30OBRdi7ZMWTZgkQBWV1acSXSA6/mNW/Ejbqcl
sa0AgyFdFCtgmsMvPSeGW2bl31vYpPVTfHpURMQJFgwiPs3/sb1hbyxt7s87vYjuVypGTtln2qyJ9jJNNPqTsYX30KNhLPx02TPivHUyg9Gk3jvmQDFwoK8hMcsda0qnAQ==
Pvc7jTAcifJd3kphofUfu2bl31vYpPRTfHpURMQJFgwiPs3/sb1hbyxt7s87vYjuVypETtln2qyJ9jJNNPqTsYX30KNhLPx02TPivHUyg9Gk3jvmQDFwoK8hMcsda0qnAQ==
ZmbBSp7aBu/8d0+LHIe0Dmbl31vYpPdTfHpURMQJFgwiPs3/sb1hbyxt7s87vYjuVypHTtln2qyJ9jJNNPqTsYX30KNhLPx02TPivHUyg9Gk3jvmQDFwoK8hMcsda0qnAQ==
rk7gvDbmrsMdDhcwNSEbwWbl31vYpPZTfHpURMQJFgwiPs3/sb1hbyxt7s87vYjuVypFTtln2qyJ9jJNNPqTsYX30KNhLPx02TPivHUyg9Gk3jvmQDFwoK8hMcsda0qnAQ==
wpqzY2M/Xu81meuU/0GJoM+gyavR7BiayVFJvuVy2cSVxR1LD65G9UyCzX8IokCSwdcIjnq/a0moxO+cT/opa6ci
/Eseh80g3KW+lcvlnYyC5qu1lC8BhK2wDUMM56WcJ6Y3G2vdB+rp4gx4mZf1FG0MPZTbG2agF4Byt7zkUf6hfARg4eEElILxv+s4QpN2B8QNeac0
XCGNsx78CO4eQP+b3G3QJeVEncJnCC4ZnXRscmgIYoc5dArykmBOTGNVEQ41JinP9fW9j5Dlal/fBcSum9JiXt1vJozVvvK0h2UfMQlvdNMl5CBUpTvvrlFKzxFoZl92xLnMwPPp9ft5c0anDQ==
wLmvtGuT2C8JoENu6NG9zeVEncJnCC0ZnXRscmgIYoc5dArykmBOTGNVEQ41JinP9fW9j5Dlal/fBcSum9JgXt1vJozVvvK0h2UfMQlvdNMl5CBUpTvsrlFKzxFoZl92xLnMwPPp9ft5c0anDQ==
yW2oOxqUNoivY1q985q4k+VEncJnCCwZnXRscmgIYoc5dArykmBOTGNVEQ41JinP9fW9j5Dlal/fBcSum9JhXt1vJozVvvK0h2UfMQlvdNMl5CBUpTvprlFKzxFoZl92xLnMwPPp9ft5c0anDQ==
YeGK8wsoJ1UjGOKkX/edJOVEncJnCCsZnXRscmgIYoc5dArykmBOTGNVEQ41JinP9fW9j5Dlal/fBcSum9JjXt1vJozVvvK0h2UfMQlvdNMl5CBUpTvnrlFKzxFoZl92xLnMwPPp9ft5c0anDQ==
oBmZQ63bxaWZ/iXp/dCE6PctPS4bZ3pDPZwQQd+JiwtMPrQuZqHjsx30OBRdi7JMWTlnkQBWV1acSXSA6/mNW/Ejbqcl
uIjbXrA8nXXZaDafGRer7TafnKIMG/H1zg0kDmmAjeFuiWZuMYTkIQuxx9sw1iCu8skf49HMbPQpk758RVGT0bT+y6YQ0cAgP4FBC80Leqcx
pyRlYnr+7XFLlBD05I2nVlYy5/lbXLkU2rTt7fTq/ws5Ai6y/aa9eSttVBrgXTkuN8bxtHJDecKLrMc9qA9Oo4vsR0RK25zwWcZQWF+sIZWsCBJ1R0dYllsKNyAVdacA
TdF4yXgoxBmju9HDqsNGWANb46QZaifRtohk71ngC6zpsgZhqbwnNk+LTF0OTZfmv2IeGSxu1XM4jpveAZvQIsoz86XIKLdQf9YxZ6cu
0KU+jE0Ahv1l6D/qggICw1Uy5/lbXLkU2rTt7fTq/ws5Ai6y/aa9eSttVBrgXTkuN8bxtHJDecKLrMc9qA9Oo4vsR0RK25zwWclQWF+sIZWsCBJ1R0dYllsKNyAVdacA
TdF4yXgoxBmju9HDqsNGWANb46QZaifRtohk71ngC6zpsgZhqbwnNk+LTF0OTZfmv2IeGSxu1XM4jpveAZvQIsoz86XIKLdQf9YxZ6cu
//McvEKUCw9tLYLcZINgRlQy5/lbXLkU2rTt7fTq/ws5Ai6y/aa9eSttVBrgXTkuN8bxtHJDecKLrMc9qA9Oo4vsR0RK25zwWclQWF+sIZWsCBJ1R0dYllsKNyAVdacA
DMFZTX4Z8s9QrIKGGoQOVgNb46QZaifRtohk71ngC6zpsgZhqbwnNk+LTF0OTZfmv2IeGSxu1Xo5jpveAZvQIsoz86XIKLdQf9YxZ6cu
TwIyTsoG711TLs7tqnqXelMy5/lbXLkU2rTt7fTq/ws5Ai6y/aa9eSttVBrgXTkuN8bxtHJDecKLrMc9qA9Oo4vsR0RK25zwWcBRWF+sIZWsCBJ1R0dYllsKNyAVdacA
i/qJlSvfFymEKhfPnpa7CwNb46QZaifRtohk71ngC6zpsgZhqbwnNk+LTF0OTZfmv2IeGSxu1Xs5jpveAZvQIsoz86XIKLdQf9YxZ6cu
Z1mHL3dvxZvYXoBdS2+pz2bnwVOM7asBbWBPUZBKFT9Ke8Hq97thdTBhpphXrpLpf2UVJeEklKGb0XcbYPbQroLpz6NhLPx02TPqvXUxg9Gk3jvmQDFwoK8hMcsda0qnAQ==
i/qJlSvfFymEKhfPnpa7CwNb46QZaifRtohk71ngC6zpsgZhqbwnNk+LTF0OTZfmv2IeGSxu1Xs5jpveAZvQIsoz86XIKLdQf9YxZ6cu
z4PxWIFpQml/gKCLbb41lWXnwVOM7asBbWBPUZBKFT9Ke8Hq97thdTBhpphXrpLpf2UVJeEklKGb0XcbYPbQroLpz6NhLPx02TPqvXUxg9Gk3jvmQDFwoK8hMcsda0qnAQ==
yL4161yL7VI4TW0mQ4vakUMrJ2YQJzk+C7H7nQdFEMW5svITffKZciwIbJmSjk07hPrIM0As74qR3iEd7ybWTQx63Xgr6rwKQU94Rlq3ezFofH8ULzIZc6c6
KSvHUkPR0WkjulNmGEygmEMrJ2YQJzk+C7H7nQdFEMW5svITffKZciwIbJmSjk07hPrIN0k76IqR3iEd7ybWTQx63X8s6rwKQU94Rlq3ezFofH8ULzIZc6c6
j4oJgnjFMwwl/EuqujMf9jO0rzwS56VfkYz34AzaOWl8Ly117x0drovmxzG0WJlWC/vipAxmDwobbUUeSDwOJBqVsehE/DBaxuB9TasSZGEiMkD1uQnFs4WPhwOZvFQ0sQPyWb1u+1EcDvPGWEFYYEexiatVW1KnGQ==
k2hAk9ng2uIHHxOGA+vfrhGk/2LKYIdExGG2KHOj4Csj40cWH0CZy5867lHsJmWjXXYEVoETQFoqa0NtiODHiF/uIW+nJg==
1oaxtSXYXSf9822JNvyxrTO0rzwS56VfkYz34AzaOWl8Ly117x0drovmxzG0WJlWC/vipAxmDwobbUUeSDwOJBqVsehE/DBaxuB9TasSZGEiMkD1uQnFs4WPhwOZvFQ0sQP3Wb1u+1EcDvPGWEFYYEexiatVW1KnGQ==
9/8fYf9xPYE3QP1RBajcJ0ZbeYgQV9vKOTavRUNzg8MR2/+QooTHDzHB64LdMbri5Z7ejS5QsR3vs4PXFKdf
WysTnkXHWPiSMSiaNZBNSFeX1X9hi81T5ufTYrTktwjiX/wMQfCFNNgIYYnU3KL5rwN4qgP+p4zdEadc
y1/cxikFG1typYkQZue9GxGk/2LKYIdExGG2KHOj4Csj40cWH0CZy5867lHsJmWmXXYEVoETQFoqa0NtiODHiF/uIW+nJg==
F0b+iSztvHBPboLzAQpXzCNitoJpaTTbusFs6x+6J5/h4AB2qb0RclXeQUobQZL2v2IeGSxu1X09jp3fAZvQIsoz86XIKLdQf9YxZ6cu
2HBV5YlhHMIyE1mYVvWY9yNitoJpaTTbusFs6x+7J5/h4AB2qb0RclXeQUobQZL2v2IeGSxu1XI9jp3fAZvQIsoz86XIKLdQf9YxZ6cu
rXNWg506k83ROZ/5Vd0HD7Pacwjs7T8KgQGfEO/iGhGhcVMEev3wnKNqX0wXE5vnyzinnd4gFKNisjUHZMawj7CQlzYRYlmhH5qucexGpUPY1sw3gfMA+qoLA42IwAco3w5hT6cG
gGZjESbyS8AAQMBvd1WF4LPacwjs7T8KgQGfEO/iGhGhcVMEev3wnKNqX0wXE5vnyzinnd4gFKNisjUHZMawi7mHkDYRYlmhH5qucexGpUXa1sk3gfMA+qoLA42IwAco3w5hT6cG
XXgzKGqAHOCJEK1CE2WZ8AWJRq0TYmOhuidTgZW7JbXmO24jgWzcdLnzTD6Vc6LRxB6bZqBxUKDP4ZFL/StqpyE=
4zcTVsNclXjDsTEabi85GASJRq0TYmOhuidTgZW7JbXmO24jgWzcdLnzTD6Vc6LRxB6bZqBxUKDP4ZFL/StqpyE=
2FSzskWms65T4Xb3chVn10oYji5WjiXzzZSolK3rQwypWnaREHZnFizpxAB7Wd2bocMep1U=
DtmWrYrr7iuAyYHGTi5FtUZbeYgQV9vKOTavRUNzg8MR2/+QooTHDzHE647cMbri5Z7ejS5QsR3vs4PXFKdf
bKbArLnKMdZJzLZFIFW8P1eX1X9hi81T5ufTYrTktwjiX/wMQfCANNQJYYnU3KL5rwN4qgP+p4zdEadc
s/T+PhK7ZIp8v09BtEd1XCL+P5UX89MH8Zx0KqmKvQEyF07W24WFGhY3pdtlVcgYoYFUXjBWPZ2asIvCfWqUmudbX1DChOdP0URLTrwxmqIFHn5NTlCRXQ8zIxd0pz8=
Th8UPCJfBClv6Sjn2J5FmD1+3sE/j0s+UDFsakr8w/VTAxgQzdzAyWvwDbYF+eqW9WmgCy4Ud7XcriReCnW4gH+yfqmsHnWueL54zwGLsBIKY1NVSJhXAD8mEXenPg==
CyZafofuxFk9mg5CaivM+DC2kwHipi8KO42kjyh6LTXz1tBv8zdDNe70t5lSUkZmy7H8aF2OO6rS1jGDOfw0NJHDV9zdohpRPE5TRriBOGBncWkrNRtypzk=
