7oKWp5LUQN+sLbGh8SA9PoHgcElwxdDoc0RQ06/zazmWgVsqLkHrbaUwl9uxOTsW41+zKH5Ck3OtVMiUzSvmjQkcU5H4N4eWzKnkAFuZehjBA36nNQ==
f/Yr6HDTTJ6ShPNw8L2UCx/n9GDWcoZW1XH1OGz24CEYokBGE16T3p867lHsJmWnWXYOUoEbQVoqa0NtiODHj1zuIW+nJg==
rvXoMI2twVYaBk6SzhuV1ci/MAxwmZ2oNBJexavzaz+nzwE7IEyqB+E6gMu9FHUe7ha3Kl5OhXOtVMiUzSvujQkcU5H4N4eWzKnkAFuZehjBA36nNQ==
MtrKAK/WAYBUAys7cAxYpgl+Yj9Ue355Sb/HrFQfMLv9vOVSO6TFfAs/Iovrugh1g/rSPEo9rNqK8TAU7ybWTQx63X4q6rYOQUd5Rlq3ezFofH8TLDIZc6c6
94CAElOZ0k3IWARBbm+6M6u1lC8BhK2wDUMM56WcJ6c3G2vdB+rp4gx4mZf1FG0MPZTbG2agF4Byt7zkUfSlfAdl4ekFlILxv+s4QpNxBMQNeac0
VdDYNUik0xaeYI/6/wB6zyNitoJpaTTbusFs6x++J5/h4AB2qb0RclXeQUobQZL2v2IeGSxu1X05jprbAZPRIsoz86XIKLdXfNYxZ6cu
myiY0gP9ncDXl7vZ1zRoUVRXPnNc68KmRDpx1ZyVMTJfPYF7yWRxNEGI0M7pRUFatbZxUhtZop5fSk7hbNYFEZom6kOBCyGKatujHQhQZ38cPgF/pzY=
t6evCxS56cPkHhsdvBdKYun34szLQb3P2JNoGbNQElYXzbmEpipmI3fxs7XPk3zEllaOIgXFnbzMsggVCFYI4pP62yqPDgYVTKINEYoCAnfBv8ku+l8raaikLzvMGmlLpwI=
CywmZlEkqVt7GOw3J5AMwd7fEUthsDF1GzjOiCu93SgjQU1Czghlm9scAqNHOQsNWko3JbPM3PWL3IWa6An7/QRc1KhqB0oseVZmBBMdg7GVl+BjsYyM9EnTWf4lHnbRnL9rJrCR4CAfweaIbUtapxE=
/85611ocG5AgthCZBWhXCeVEncJnCGtTw3JsdG4ofoAdRlmjlxBfS3QBSlZWciPVp+Swlaf0cUrcUYenvoY7at5vJozVvvK0h2UfMQlvdNMl5CBUpTvprlFGyhFgZ192xLnMwPPp8vh5c0anDQ==
Cm5RF+t98TxGXzD4OlEtoCLDmmLI/QXblukClv6raFenSByehMfXRiEMDFP7lLuJvHl+/Rj+j+fyaVmOxKO5m6g7aQTXOlO0jfRnrHqj3DiJnjPwqhKhFT2Qsh33v5jeC9XUCGVNpwg=
vwFlyiY4pxZTlunkTccs2RGk/2LKYIdExGG2KHOj4Csj40cWH0CZy5867lHsJmWkW3YOUIEbQVoqa0NtiODHj1zuIW+nJg==
nAefHc6jKMq346O4/Wm+2BMEfotw7mDO5+QTAZmgMxso0IBed4NXcBInPHSxi2JMInfh+SWkQoFfe7jS84FE9C1ppyQ=
hH/ee3wSj96R7IfW8qAEgg8cMZURW8LXaWfMcg0gxeES2/+QooTHDzTA64jaMbLj5Z7ejS5QsR3osIPXFKdf
2gnHw9d+TO/xDe8cWvsuB2sbyPRaTg5pgY/8XKkBl1KcFWL884gXQBqdzBRBqHdYQu98vOEjw+S1/2FxtQziKQ+z+BqjqWTcPWGnLA==
0bFE/3cwq+mGgzr6191kyiLDmmLI/QXblukClv6raFenSByehMfXRiEMDFP7lLuJvHl+/Rj+j+fyaVmOxKO5m6g7aQTXOlO0jfRnrHqj3DiJnDPwoBGhHDyQsh33v5jeC9XUCGVNpwg=
iPzjuFcW/bVeCztG1NOu9kZbeYgQV9vKOTavRUNzg8MR2/+QooTHDzHH64LYMbvi5Z7ejS5QsR3osIPXFKdf
NPdnzzKVdiyVyGyp1hKsbVeX1X9hi81T5ufTYrTktwjiX/wMQfCDNNgNYYjU3KL5rwN4qgP5pIzdEadc
zJFeuzYxurRsevNndWNSBhGk/2LKYIdExGG2KHOj4Csj40cWH0CZy5867lHsJmWmW3YEU4ESQFoqa0NtiODHj1zuIW+nJg==
RfqCpwd6xUTVC65GgWTjSCLDmmLI/QXblukClv6raFenSByehMfXRiEMDFP7lLuJvHl+/Rj+j+fyaVmOxKO5m6g7aQTXOlO0jfRnrHqj3DiJnzPwoBGhHDyQsh33v5jeC9XUCGVNpwg=
o6gH0N7+uBvmo5fuIrj62hGk/2LKYIdExGG2KHOj4Csj40cWH0CZy5867lHsJmWlW3YEU4ESQFoqa0NtiODHj1zuIW+nJg==
n5zq2dXmKu7ids47n1wEtmIXOuYfsPk73+qOwWy2xXUbRiRjgSJgauo74/0IcCffnJ7BH6dW
aA3rgH0xP1QHaL6MGlVYO3wBj4UvqywsFjpcFGXdrdQMGniNqC7YypPSC1Ivlna9jMo9Ces63B9BXpgWGkcbgegM36Ns4jljpyo=
S9xg8OyREXwazPhPVFgokR/n9GDWcoZW1XH1OGz24CEYokBGE16T3p867lHsJmWlW3YEU4ESQFoqa0NtiODHj1zuIW+nJg==
bB3VXbE25rLhaumIZXuFgxGk/2LKYIdExGG2KHOj4Gki51oWH0CZy5867lHsJmWlW3YEU4ESQFoqa0NtiODHj1zuIW+nJg==
fPtPzMMjVeHFGAnAmgSbFmjhosZaG2mdznhTrMoEbxJNPTmW1MT5c124nZiFCFuf7iyHNOpLHEC5lBSocLkhpMzY0gXn19gmu1100DVlpzA=
hDC5ARbkdGQ9V23vf4frW6u1lC8BhK2wDUMM56WcJ6c3G2vdB+rp4gx4mZf1FG0MPZTbG2agF4Byt7zkUfmkfAhl4eAElILxv+s4QpNxBMQNeac0
NX/7R0rCNuck4vnG/zGX5yNitoJpaTTbusFs6x++J5/h4AB2qb0RclXeQUobQZL2v2IeGSxu1XI8jpTbAZrQIsoz86XIKLdXfNYxZ6cu
Q73SZ8P1Rr0ETHlNi4RlgCNitoJpaTTbusFs6x+/J5/h4AB2qb0RclXeQUobQZL2v2IeGSxu1Xg9jpTbAZrQIsoz86XIKLdXfNYxZ6cu
x7pusC3ovERU/ZNpXdTA01RXPnFW6cCiWzpx1ZyVMTJfPYNxy2Z1K0GI0M7pRUFatbZxUhtZop5fSk7hbNYFFJ0m5EOBAiCKatujHQhQZ38cPgF/pzY=
nmUFp9DqOb9Kwc9O3jFVpVRXPnFW6cCiWzpx1ZyVMTJfPINxy2Z1K0GI0M7pRUFatbZxUhtZop5fSk7hbNYFGp0m5EOBAiCKatujHQhQZ38cPgF/pzY=
9SBfo/QwFxvWMr7sdRjnqSNitoJpaTTbusFs6x+8J5/h4AB2qb0RclXeQUobQZL2v2IeGSxu1Xo4jp3YAZrQIsoz86XIKLdXfNYxZ6cu
PGyRoYFV3yc6LWakki2LJlRXPnNc68KmRDpx1ZyVMTJfPYF7yWRxNEGI0M7pRUFatbZxUhtZop5fSk7hbNYFEZgm7UCBAiCKatujHQhQZ38cPgF/pzY=
Cri/LZgIRL6yrJPzuO1SW3WAsKSysZJzcMLOA8wgRXGgER8NTmLL9f+0iFV/RAnqdKEOPzo2ypx5H35MLW6q1K91FzEBf1wz/bRYFH3LX8w5/0GR4Rb31jwJlIDLOSrYEWNOpwU=
lChcSvSmt5WWO+EluuURGGbl31vYpPRTfHpURMQJFgwiPs3/sb1hbyxt7s87vYjuVypETtln2qyJ9jZEI/2TsYX30KNhLPx02TPrvXU3hdGl3jvmQDFwoK8hNsgda0qnAQ==
NW53euIiCUmJh7oSGTTyq3WAsKSysZBzcMLOA8wgRXGgER8NTmLL9f+0iFV/RAnqdKEPPzo2ypx5H35MLW6q1K91FzEBf1wz/bRYFH3LVc05/0GR4Rb31jwJlIDLOSrYEWNOpwU=
g+ayLK2sCuND5bMZpuapzmbl31vYpPZTfHpURMQJFgwiPs3/sb1hbyxt7s87vYjuVypHTtln2qyJ9jZEI/2TsYX30KNhLPx02TPvvXU3hdGl3jvmQDFwoK8hNsgda0qnAQ==
+loX0TOqD8u8zk7peWJ9Nd7fEUthsDF1GzjOiCu93SgjQU1Czghlm9scAqNHOQsNWko3JbPM3PWL3IWa6An7/QRc1KhqB0oseVZmBBMdg7GVl+BjsYyM9EnTXP0lF3XRlb5rJrCR4CAfweaIbUtapxE=
+IYG6KsYljK4RMcST4zoHGeY23SGvl6Ax/ESi/yvY02nbDvQsZOJSy8NBkvsm+arsiE37wXjj+j4Xwz8gfW0mPw1eFbTdFGshetnrHqj3DiJkTHwqRKhHDyQsh33v5jeC9XUCGVNpwg=
ysBO9V/KABVrJlQHOV7OCuVEncJnCGtTw3JsdG4ofoAdRlmjlxBfS3QBS1ZWciPVp+Swlaf0cUrcUYenvoY7at5vJozVvvK0h2UfMQlvdNMl5CBUpTvurlFPyRFpZl92xLnMwPPp8vh5c0anDQ==
SQdAQFDUSUYwyFP2Y+iBrRjYj/t6EBO6rXPkOxwJcGzdFb0+otFEflbt/2Vzc7PjwZsP8DIEd69hBJtqyjGrwtXeDu3e0CG9WHDTN2SnLw==
6rDYAeGXIvIkPHnG+WECjhGk/2LKYIdExGG2KHOj4Csj40cWH0CZy5867lHsJmWmWHYMUYESQFoqa0NtiODHj1zuIW+nJg==
tPM/WkqzV4LCzxoBsziVRRjYj/t6EBO6rXPkOxwJcGzdFb0+otFEflbt/2Vzc7PjwZsP8DIEd69iBJtqyjGrwtXeDu3e0CG9WHDTN2SnLw==
XXfuubHKH3xVIhQbZ6q4BkZbeYgQV9vKOTavRUNzg8MR2/+QooTHDz3E64raMbvi5Z7ejS5QsR3osIPXFKdf
8VCoA7Mu46XvQZmQQiwQFVeX1X9hi81T5ufTYrTktwjiX/wMQfyANNAPYYjU3KL5rwN4qgP5pIzdEadc
8g/7SmOWsX2+QB/x1ztabhGk/2LKYIdExGG2KHOj4Csj40cWH0CZy5867lHsJmWqWHYMUYESQFoqa0NtiODHj1zuIW+nJg==
P9oxQM0gDbCx399brxPIsUoYji5WjiXzzZSolK3rTwypXnCREXZnFizpxAB7WdqYocMep1U=
XXfuubHKH3xVIhQbZ6q4BkZbeYgQV9vKOTavRUNzg8MR2/+QooTHDz3E64raMbvi5Z7ejS5QsR3osIPXFKdf
8VCoA7Mu46XvQZmQQiwQFVeX1X9hi81T5ufTYrTktwjiX/wMQfyANNAPYYjU3KL5rwN4qgP5pIzdEadc
inTgBHiPxThOqRAW0oxHpSL+P5UX89MH8Zx0KqmKvQEyF07W24WFGhY3pdtlVcgYoYFUXjBWPZ2asIvCfWqUmudbX1DChOdP3URLSroxm6IFHn5NTlCRXQgwIxd0pz8=
ljMHPVyRvKY7xx80IofWaD1+3sE/j0s+UDFsakr8w/VTAxgQzdzAyWvwDbYF+eqW9WmgCy4Ud7XcriReCnW4gH+yfqmsHnWieL58yQGKsBIKY1NVSJhXBzwmEXenPg==
0UsWfiFs9MdmiDw5G+oFBDC2kwHipi8KO42kjyh6LTXz1tBv8zdDNe70t5lSUkZmy7H8aF2OO6rS1jGDOfw0NJHDW9zdphxRPU5TRriBOGBncW4oNRtypzk=
